Jun-28 16:25:17.282 [main] DEBUG nextflow.cli.Launcher - $> nextflow run test_scripts/mainscripts/TM01_main.nf
Jun-28 16:25:17.364 [main] INFO  nextflow.cli.CmdRun - N E X T F L O W  ~  version 20.11.0-edge
Jun-28 16:25:17.375 [main] INFO  nextflow.cli.CmdRun - Launching `test_scripts/mainscripts/TM01_main.nf` [pensive_bassi] - revision: c35b352c88
Jun-28 16:25:17.395 [main] DEBUG nextflow.config.ConfigBuilder - Found config local: /mnt/e/postdoc/lodestone-ci/nextflow.config
Jun-28 16:25:17.396 [main] DEBUG nextflow.config.ConfigBuilder - Parsing config file: /mnt/e/postdoc/lodestone-ci/nextflow.config
Jun-28 16:25:17.413 [main] DEBUG nextflow.config.ConfigBuilder - Applying config profile: `standard`
Jun-28 16:25:18.112 [main] DEBUG nextflow.Session - Session uuid: bc49bba1-f153-4cb0-8801-ce77c1279c99
Jun-28 16:25:18.113 [main] DEBUG nextflow.Session - Run name: pensive_bassi
Jun-28 16:25:18.113 [main] DEBUG nextflow.Session - Executor pool size: 6
Jun-28 16:25:18.137 [main] DEBUG nextflow.cli.CmdRun - 
  Version: 20.11.0-edge build 5448
  Created: 16-11-2020 08:23 UTC (08:23 BST)
  System: Linux 4.4.0-19041-Microsoft
  Runtime: Groovy 3.0.5 on OpenJDK 64-Bit Server VM 11.0.6+10-post-Ubuntu-1ubuntu118.04.1
  Encoding: UTF-8 (UTF-8)
  Process: 32286@DESKTOP-D9LKC6Q [127.0.1.1]
  CPUs: 6 - Mem: 15.9 GB (2.8 GB) - Swap: 48 GB (46.3 GB)
Jun-28 16:25:18.176 [main] DEBUG nextflow.Session - Work-dir: /mnt/e/postdoc/lodestone-ci/work [wslfs]
Jun-28 16:25:18.177 [main] DEBUG nextflow.Session - Script base path does not exist or is not a directory: /mnt/e/postdoc/lodestone-ci/test_scripts/mainscripts/bin
Jun-28 16:25:18.216 [main] DEBUG nextflow.Session - Observer factory: TowerFactory
Jun-28 16:25:18.218 [main] DEBUG nextflow.Session - Observer factory: DefaultObserverFactory
Jun-28 16:25:18.464 [main] DEBUG nextflow.Session - Session start invoked
Jun-28 16:25:18.761 [main] DEBUG nextflow.script.ScriptRunner - > Launching execution
Jun-28 16:25:19.986 [main] ERROR nextflow.Nextflow - error: --input_dir is mandatory (run with --help to see parameters)
